2014/05/24 02:55:36 [error] [exception.CHttpException.400] exception 'CHttpException' with message 'Your request is invalid.' in F:\wamp\www\yii\framework\web\CController.php:336
Stack trace:
#0 F:\wamp\www\yii\framework\web\CController.php(309): CController->invalidActionParams(Object(CInlineAction))
#1 F:\wamp\www\yii\framework\web\filters\CFilterChain.php(133): CController->runAction(Object(CInlineAction))
#2 F:\wamp\www\yii\framework\web\filters\CFilter.php(40): CFilterChain->run()
#3 F:\wamp\www\yii\framework\web\CController.php(1145): CFilter->filter(Object(CFilterChain))
#4 F:\wamp\www\yii\framework\web\filters\CInlineFilter.php(58): CController->filterAccessControl(Object(CFilterChain))
#5 F:\wamp\www\yii\framework\web\filters\CFilterChain.php(130): CInlineFilter->filter(Object(CFilterChain))
#6 F:\wamp\www\yii\framework\web\CController.php(291): CFilterChain->run()
#7 F:\wamp\www\yii\framework\web\CController.php(265): CController->runActionWithFilters(Object(CInlineAction), Array)
#8 F:\wamp\www\yii\framework\web\CWebApplication.php(282): CController->run('view')
#9 F:\wamp\www\yii\framework\web\CWebApplication.php(141): CWebApplication->runController('users/view')
#10 F:\wamp\www\yii\framework\base\CApplication.php(169): CWebApplication->processRequest()
#11 F:\wamp\www\xyz\index.php(13): CApplication->run()
#12 {main}
REQUEST_URI=/xyz/index.php?r=users/view
---
2014/05/24 02:57:05 [error] [exception.CHttpException.403] exception 'CHttpException' with message 'You are not authorized to perform this action.' in F:\wamp\www\yii\framework\web\auth\CAccessControlFilter.php:179
Stack trace:
#0 F:\wamp\www\yii\framework\web\auth\CAccessControlFilter.php(142): CAccessControlFilter->accessDenied(Object(CWebUser), 'You are not aut...')
#1 F:\wamp\www\yii\framework\web\filters\CFilter.php(38): CAccessControlFilter->preFilter(Object(CFilterChain))
#2 F:\wamp\www\yii\framework\web\CController.php(1145): CFilter->filter(Object(CFilterChain))
#3 F:\wamp\www\yii\framework\web\filters\CInlineFilter.php(58): CController->filterAccessControl(Object(CFilterChain))
#4 F:\wamp\www\yii\framework\web\filters\CFilterChain.php(130): CInlineFilter->filter(Object(CFilterChain))
#5 F:\wamp\www\yii\framework\web\CController.php(291): CFilterChain->run()
#6 F:\wamp\www\yii\framework\web\CController.php(265): CController->runActionWithFilters(Object(CInlineAction), Array)
#7 F:\wamp\www\yii\framework\web\CWebApplication.php(282): CController->run('admin')
#8 F:\wamp\www\yii\framework\web\CWebApplication.php(141): CWebApplication->runController('users/admin')
#9 F:\wamp\www\yii\framework\base\CApplication.php(169): CWebApplication->processRequest()
#10 F:\wamp\www\xyz\index.php(13): CApplication->run()
#11 {main}
REQUEST_URI=/xyz/index.php?r=users/admin
---
2014/05/25 09:16:23 [error] [system.db.CDbCommand] CDbCommand::fetchAll() failed: SQLSTATE[42S02]: Base table or view not found: 1146 Table 'zyx.student' doesn't exist. The SQL statement executed was: SHOW FULL COLUMNS FROM `student`.
in F:\wamp\www\xyz\index.php (13)
